<?xml version="1.0" encoding="UTF-8"?>
<!-- Generated by org.testng.reporters.JUnitReportReporter -->
<testsuite name="com.encore.testcases.EHPatientListTest" tests="3" time="34.192" ignored="0" failures="0" timestamp="05 Nov 2019 15:31:41 GMT" skipped="1" hostname="leomahesh-PC" errors="0">
  <testcase name="ValidatePatientListTitle" time="14.040" classname="com.encore.testcases.EHPatientListTest">
    <skipped/>
  </testcase> <!-- ValidatePatientListTitle -->
  <testcase name="ValidatePatientListTitle" time="10.373" classname="com.encore.testcases.EHPatientListTest"/>
  <testcase name="ValidatePatientListLabel" time="9.779" classname="com.encore.testcases.EHPatientListTest"/>
</testsuite> <!-- com.encore.testcases.EHPatientListTest -->
